<?xml version="1.0" encoding="UTF-8"?>
<!-- Generated by org.testng.reporters.JUnitXMLReporter -->
<testsuite hostname="DBHOMEHP" ignored="0" name="Login Test" tests="2" failures="0" timestamp="2022-12-12T13:53:15 GMT" time="13.781" errors="0">
  <testcase name="verifyTheErrorMessage" time="2.403" classname="com.ultimateqa.courses.testsuite.LoginTest"/>
  <testcase name="verifyUserShouldOnLogin" time="1.36" classname="com.ultimateqa.courses.testsuite.LoginTest"/>
</testsuite> <!-- Login Test -->
